<?xml version="1.0" encoding="UTF-8"?>
<Site BuildName="(empty)"
	BuildStamp="20251111-1609-Experimental"
	Name="ubuntu"
	Generator="ctest-3.28.3"
	CompilerName="/usr/bin/aarch64-linux-gnu-g++"
	CompilerVersion="13.3.0"
	OSName="Linux"
	Hostname="ubuntu"
	OSRelease="6.8.0-1040-raspi"
	OSVersion="#44-Ubuntu SMP PREEMPT_DYNAMIC Wed Sep 24 18:30:35 UTC 2025"
	OSPlatform="aarch64"
	Is64Bits="1"
	VendorString=""
	VendorID="Unknown Manufacturer"
	FamilyID="8"
	ModelID="0"
	ProcessorCacheSize="0"
	NumberOfLogicalCPU="4"
	NumberOfPhysicalCPU="1"
	TotalVirtualMemory="0"
	TotalPhysicalMemory="7937"
	LogicalProcessorsPerPhysical="4"
	ProcessorClockFrequency="0"
	>
	<Testing>
		<StartDateTime>Nov 11 20:42 UTC</StartDateTime>
		<StartTestTime>1762893757</StartTestTime>
		<TestList/>
		<EndDateTime>Nov 11 20:42 UTC</EndDateTime>
		<EndTestTime>1762893757</EndTestTime>
		<ElapsedMinutes>0</ElapsedMinutes>
	</Testing>
</Site>
